<?xml version="1.0" encoding="UTF-8"?>
<testsuite name="TaskTest" tests="2" skipped="0" failures="0" errors="0" timestamp="2016-02-17T17:56:09" hostname="epicodus-55.local" time="0.001">
  <properties/>
  <testcase name="task_instantiatesWithDescription_true" classname="TaskTest" time="0.0"/>
  <testcase name="task_instantiatesCorrectly_true" classname="TaskTest" time="0.001"/>
  <system-out><![CDATA[]]></system-out>
  <system-err><![CDATA[]]></system-err>
</testsuite>
