<?xml version="1.0" encoding="UTF-8"?>
<testsuite name="TodolistTest" tests="2" skipped="0" failures="0" errors="0" timestamp="2016-02-17T17:56:09" hostname="epicodus-55.local" time="0.001">
  <properties/>
  <testcase name="Todolist_instantiatesWithDescription_true" classname="TodolistTest" time="0.001"/>
  <testcase name="Todolist_instantiatesCorrectly_true" classname="TodolistTest" time="0.0"/>
  <system-out><![CDATA[]]></system-out>
  <system-err><![CDATA[]]></system-err>
</testsuite>
